0 info it worked if it ends with ok
1 verbose cli [ '/usr/local/bin/node', '/usr/local/bin/npm', 'publish' ]
2 info using npm@3.5.3
3 info using node@v5.4.1
4 verbose publish [ '.' ]
5 silly cache add args [ '.', null ]
6 verbose cache add spec .
7 silly cache add parsed spec Result {
7 silly cache add   raw: '.',
7 silly cache add   scope: null,
7 silly cache add   name: null,
7 silly cache add   rawSpec: '.',
7 silly cache add   spec: '/home/big/j/code/flyd-ajax',
7 silly cache add   type: 'directory' }
8 verbose addLocalDirectory /home/big/j/.npm/flyd-ajax/0.0.2/package.tgz not in flight; packing
9 info lifecycle flyd-ajax@0.0.2~prepublish: flyd-ajax@0.0.2
10 silly lifecycle flyd-ajax@0.0.2~prepublish: no script for prepublish, continuing
11 verbose tar pack [ '/home/big/j/.npm/flyd-ajax/0.0.2/package.tgz',
11 verbose tar pack   '/home/big/j/code/flyd-ajax' ]
12 verbose tarball /home/big/j/.npm/flyd-ajax/0.0.2/package.tgz
13 verbose folder /home/big/j/code/flyd-ajax
14 verbose addLocalTarball adding from inside cache /home/big/j/.npm/flyd-ajax/0.0.2/package.tgz
15 silly cache afterAdd flyd-ajax@0.0.2
16 verbose afterAdd /home/big/j/.npm/flyd-ajax/0.0.2/package/package.json not in flight; writing
17 verbose afterAdd /home/big/j/.npm/flyd-ajax/0.0.2/package/package.json written
18 silly publish { name: 'flyd-ajax',
18 silly publish   version: '0.0.2',
18 silly publish   description: 'Functional reactive ajax client',
18 silly publish   main: 'index.js',
18 silly publish   scripts:
18 silly publish    { build: 'babel index.es6 > index.js',
18 silly publish      test: 'zuul --local 8888 --ui mocha-qunit -- test/index.js',
18 silly publish      test_server: 'node test/server.js' },
18 silly publish   repository:
18 silly publish    { type: 'git',
18 silly publish      url: 'git+https://github.com/jayrbolton/flyd-ajax.git' },
18 silly publish   keywords: [ 'flyd', 'ajax' ],
18 silly publish   author:
18 silly publish    { name: 'jay r bolton',
18 silly publish      email: 'jayrbolton@gmail.com',
18 silly publish      url: 'http://jayrbolton.com/' },
18 silly publish   license: 'MIT',
18 silly publish   bugs: { url: 'https://github.com/jayrbolton/flyd-ajax/issues' },
18 silly publish   homepage: 'https://github.com/jayrbolton/flyd-ajax#readme',
18 silly publish   dependencies: { flyd: '0.2.2', ramda: '0.21.0' },
18 silly publish   devDependencies: { httpdispatcher: '1.0.0', 'xhr-mock': '1.6.0' },
18 silly publish   readme: 'A simple ajax library (a wrapper around XMLHttpRequest) that has an FRP API using [flyd](https://github.com/paldepind/flyd)\n\n- Small size\n- Allows preconfiguration of ajax options (including headers, url)\n- Returns flyd streams of responses, including load/error/progress/abort\n\nMany of the options, terminology, and response objects are directly from the normal XMLHttpRequest API. See the [MDN Articles](https://developer.mozilla.org/en-US/docs/Web/API/XMLHttpRequest/Using_XMLHttpRequest#Handling_responses) on that topic for details around how to work with response and progress objects.\n\n```js\n// options\nrequest({\n  method: \'GET\'\n, url: \'http://spacejam.com\'\n, path: \'/\'\n, send: \'x=y\' // data to send; must be text, FormData, or an object (objects get JSON.stringify-ed)\n, headers: {\'Content-Type\': \'application/json\'} // any number of header key/vals\n})\n```\n\n## Returned streams\n\nThe request function immediately returns an object with a set of streams:\n\n```js\n// object that gets returned by the request function:\n{\n  load      // stream of a response object when the request is completed without errors\n, error     // response object when the request gets an error\n, progress  // stream of progress event objects\n, abort     // stream with aborted response\n}\n```\n\nYou can map over any of these objects to work with the responses. Example usage:\n\n```js\nlet getPosts = request({ method: \'GET\' , path: \'/posts\' })\nflyd.map(resp => console.log(\'Success!\', resp.body), getPosts.load)\nflyd.map(resp => console.log(\'Error!\', resp.body), getPosts.error)\nflyd.map(ev => console.log(\'Progress!\', ev), getPosts.progress)\n```\n\nResponses are JSON.stringified if possible.\n\n#### configuration\n\nYou can config a request function with request.config. This returns a new request function that has the given settings preset for all of its calls.\n\n```js\nconst myCustomRequestFn = request.config({\n  headers: {\'X-CSRF-Token\': csrf}\n, url: \'http://url-to-prefix.com\'\n})\n// all calls to myCustomRequestFn will have the above options preset\n\nmyCustomRequestFn({\n  path: \'/posts\'\n, send: \'x=y\'\n, headers: {\'Content-Type\': \'application/json\'}\n})\n// This call will use the options from the original config, merged with the options we just provided (headers get merged with config headers as well)\n```\n\n#### toFormData\n\nFor convenience, you can convert plain JS objects to FormData objects using `request.toFormData(obj)`. This is useful for sending files.\n\n## tests\n\nTest server:\n\n`node test/server.js`\n\nThen in another term, run zuul server:\n\n`npm run test`\n\n',
18 silly publish   readmeFilename: 'README.md',
18 silly publish   gitHead: '48cbbae7479d92433beecd4a673036bb785bacef',
18 silly publish   _id: 'flyd-ajax@0.0.2',
18 silly publish   _shasum: '45b7e41cf4363d2da5c92c554ef2f7b02f2f6f04',
18 silly publish   _from: '.' }
19 verbose getPublishConfig undefined
20 silly mapToRegistry name flyd-ajax
21 silly mapToRegistry using default registry
22 silly mapToRegistry registry https://registry.npmjs.org/
23 silly mapToRegistry uri https://registry.npmjs.org/flyd-ajax
24 verbose publish registryBase https://registry.npmjs.org/
25 silly publish uploading /home/big/j/.npm/flyd-ajax/0.0.2/package.tgz
26 verbose request uri https://registry.npmjs.org/flyd-ajax
27 verbose request sending authorization for write operation
28 info attempt registry request try #1 at 10:25:52 PM
29 verbose request id 35dd7d25e6ac4e00
30 http request PUT https://registry.npmjs.org/flyd-ajax
31 http 403 https://registry.npmjs.org/flyd-ajax
32 verbose headers { 'content-type': 'application/json',
32 verbose headers   'cache-control': 'max-age=300',
32 verbose headers   'content-length': '95',
32 verbose headers   'accept-ranges': 'bytes',
32 verbose headers   date: 'Fri, 10 Jun 2016 05:25:54 GMT',
32 verbose headers   via: '1.1 varnish',
32 verbose headers   connection: 'keep-alive',
32 verbose headers   'x-served-by': 'cache-dfw1848-DFW',
32 verbose headers   'x-cache': 'MISS',
32 verbose headers   'x-cache-hits': '0',
32 verbose headers   'x-timer': 'S1465536353.248332,VS0,VE1187',
32 verbose headers   vary: 'Accept-Encoding' }
33 verbose request invalidating /home/big/j/.npm/registry.npmjs.org/flyd-ajax on PUT
34 error publish Failed PUT 403
35 verbose stack Error: "You cannot publish over the previously published version 0.0.2." : flyd-ajax
35 verbose stack     at makeError (/usr/local/lib/node_modules/npm/node_modules/npm-registry-client/lib/request.js:264:12)
35 verbose stack     at CachingRegistryClient.<anonymous> (/usr/local/lib/node_modules/npm/node_modules/npm-registry-client/lib/request.js:252:14)
35 verbose stack     at Request._callback (/usr/local/lib/node_modules/npm/node_modules/npm-registry-client/lib/request.js:172:14)
35 verbose stack     at Request.self.callback (/usr/local/lib/node_modules/npm/node_modules/request/request.js:198:22)
35 verbose stack     at emitTwo (events.js:87:13)
35 verbose stack     at Request.emit (events.js:172:7)
35 verbose stack     at Request.<anonymous> (/usr/local/lib/node_modules/npm/node_modules/request/request.js:1035:10)
35 verbose stack     at emitOne (events.js:82:20)
35 verbose stack     at Request.emit (events.js:169:7)
35 verbose stack     at IncomingMessage.<anonymous> (/usr/local/lib/node_modules/npm/node_modules/request/request.js:962:12)
36 verbose statusCode 403
37 verbose pkgid flyd-ajax
38 verbose cwd /home/big/j/code/flyd-ajax
39 error Linux 3.16.0-4-amd64
40 error argv "/usr/local/bin/node" "/usr/local/bin/npm" "publish"
41 error node v5.4.1
42 error npm  v3.5.3
43 error code E403
44 error "You cannot publish over the previously published version 0.0.2." : flyd-ajax
45 error If you need help, you may report this error at:
45 error     <https://github.com/npm/npm/issues>
46 verbose exit [ 1, true ]
